[2025-09-23T03:06:48.361Z] GET / - 200 - IP: ::1 - User: anonymous - Time: 9ms
[2025-09-23T03:06:48.376Z] GET / - 200 - IP: ::1 - User: anonymous - Time: 1ms
[2025-09-23T03:06:48.385Z] GET / - 200 - IP: ::1 - User: anonymous - Time: 2ms
[2025-09-23T03:06:48.397Z] GET /api/carrito - 404 - IP: ::1 - User: anonymous - Time: 3ms
[2025-09-23T03:06:48.409Z] GET / - 200 - IP: ::1 - User: anonymous - Time: 3ms
[2025-09-23T03:06:48.421Z] GET /api/carrito - 404 - IP: ::1 - User: anonymous - Time: 5ms
[2025-09-23T03:10:47.334Z] GET / - 200 - IP: ::1 - User: anonymous - Time: 1ms
[2025-09-23T03:10:54.336Z] GET / - 200 - IP: ::1 - User: anonymous - Time: 1ms
[2025-09-23T03:12:40.447Z] GET /api/carrito - 404 - IP: ::1 - User: anonymous - Time: 1ms
[2025-09-23T03:12:40.457Z] GET /api/carrito - 404 - IP: ::1 - User: anonymous - Time: 2ms
[2025-09-23T03:12:46.656Z] GET /api/carrito - 404 - IP: ::1 - User: anonymous - Time: 2ms
[2025-09-23T03:12:46.666Z] GET /api/carrito - 404 - IP: ::1 - User: anonymous - Time: 1ms
[2025-09-23T03:12:49.596Z] GET /api/carrito - 404 - IP: ::1 - User: anonymous - Time: 1ms
[2025-09-23T03:12:49.604Z] GET /api/carrito - 404 - IP: ::1 - User: anonymous - Time: 2ms
[2025-09-23T03:12:53.960Z] GET /api/carrito - 404 - IP: ::1 - User: anonymous - Time: 1ms
[2025-09-23T03:12:53.967Z] GET /api/carrito - 404 - IP: ::1 - User: anonymous - Time: 1ms
[2025-09-23T03:14:28.357Z] GET /api/carrito - 404 - IP: ::1 - User: anonymous - Time: 14ms
[2025-09-23T03:14:28.379Z] GET /api/carrito - 404 - IP: ::1 - User: anonymous - Time: 3ms
[2025-09-23T03:14:29.996Z] GET / - 200 - IP: ::1 - User: anonymous - Time: 3ms
[2025-09-23T03:14:30.014Z] GET / - 200 - IP: ::1 - User: anonymous - Time: 2ms
[2025-09-23T03:14:30.030Z] GET / - 200 - IP: ::1 - User: anonymous - Time: 4ms
[2025-09-23T03:14:30.044Z] GET / - 200 - IP: ::1 - User: anonymous - Time: 3ms
[2025-09-23T03:14:42.927Z] GET / - 200 - IP: ::1 - User: anonymous - Time: 3ms
[2025-09-23T03:14:42.941Z] GET / - 200 - IP: ::1 - User: anonymous - Time: 4ms
[2025-09-23T03:14:42.948Z] GET /api/carrito - 404 - IP: ::1 - User: anonymous - Time: 1ms
[2025-09-23T03:14:42.966Z] GET / - 200 - IP: ::1 - User: anonymous - Time: 2ms
[2025-09-23T03:14:42.991Z] GET / - 200 - IP: ::1 - User: anonymous - Time: 4ms
[2025-09-23T03:14:43.005Z] GET /api/carrito - 404 - IP: ::1 - User: anonymous - Time: 2ms
[2025-09-23T03:16:29.383Z] GET / - 200 - IP: ::1 - User: anonymous - Time: 4ms
[2025-09-23T03:16:29.402Z] GET / - 200 - IP: ::1 - User: anonymous - Time: 3ms
[2025-09-23T03:16:29.417Z] GET /api/carrito - 404 - IP: ::1 - User: anonymous - Time: 2ms
[2025-09-23T03:16:29.433Z] GET / - 200 - IP: ::1 - User: anonymous - Time: 4ms
[2025-09-23T03:16:29.453Z] GET / - 200 - IP: ::1 - User: anonymous - Time: 3ms
[2025-09-23T03:16:29.468Z] GET /api/carrito - 404 - IP: ::1 - User: anonymous - Time: 3ms
[2025-09-23T03:16:29.483Z] GET / - 200 - IP: ::1 - User: anonymous - Time: 2ms
[2025-09-23T03:16:29.497Z] GET / - 200 - IP: ::1 - User: anonymous - Time: 3ms
[2025-09-23T03:16:29.509Z] GET /api/carrito - 404 - IP: ::1 - User: anonymous - Time: 2ms
[2025-09-23T03:16:29.528Z] GET / - 200 - IP: ::1 - User: anonymous - Time: 2ms
[2025-09-23T03:16:29.544Z] GET / - 200 - IP: ::1 - User: anonymous - Time: 2ms
[2025-09-23T03:16:29.569Z] GET /api/carrito - 404 - IP: ::1 - User: anonymous - Time: 2ms
[2025-09-23T03:16:39.369Z] GET / - 200 - IP: ::1 - User: anonymous - Time: 2ms
[2025-09-23T03:16:39.383Z] GET / - 200 - IP: ::1 - User: anonymous - Time: 3ms
[2025-09-23T03:16:39.394Z] GET /api/carrito - 404 - IP: ::1 - User: anonymous - Time: 3ms
[2025-09-23T03:16:39.408Z] GET / - 200 - IP: ::1 - User: anonymous - Time: 1ms
[2025-09-23T03:16:39.421Z] GET / - 200 - IP: ::1 - User: anonymous - Time: 2ms
[2025-09-23T03:16:39.435Z] GET /api/carrito - 404 - IP: ::1 - User: anonymous - Time: 2ms
[2025-09-23T03:16:39.449Z] GET / - 200 - IP: ::1 - User: anonymous - Time: 3ms
[2025-09-23T03:16:39.463Z] GET / - 200 - IP: ::1 - User: anonymous - Time: 2ms
[2025-09-23T03:16:39.477Z] GET /api/carrito - 404 - IP: ::1 - User: anonymous - Time: 2ms
[2025-09-23T03:16:39.491Z] GET / - 200 - IP: ::1 - User: anonymous - Time: 2ms
[2025-09-23T03:16:39.504Z] GET / - 200 - IP: ::1 - User: anonymous - Time: 1ms
[2025-09-23T03:16:39.520Z] GET /api/carrito - 404 - IP: ::1 - User: anonymous - Time: 5ms
[2025-09-23T03:17:21.352Z] GET / - 200 - IP: ::1 - User: anonymous - Time: 2ms
[2025-09-23T03:17:21.362Z] GET / - 200 - IP: ::1 - User: anonymous - Time: 1ms
[2025-09-23T03:17:21.369Z] GET /api/carrito - 404 - IP: ::1 - User: anonymous - Time: 1ms
[2025-09-23T03:17:21.380Z] GET / - 200 - IP: ::1 - User: anonymous - Time: 1ms
[2025-09-23T03:17:21.389Z] GET / - 200 - IP: ::1 - User: anonymous - Time: 0ms
[2025-09-23T03:17:21.397Z] GET /api/carrito - 404 - IP: ::1 - User: anonymous - Time: 2ms
[2025-09-23T03:17:21.405Z] GET / - 200 - IP: ::1 - User: anonymous - Time: 1ms
[2025-09-23T03:17:21.415Z] GET / - 200 - IP: ::1 - User: anonymous - Time: 1ms
[2025-09-23T03:17:21.421Z] GET /api/carrito - 404 - IP: ::1 - User: anonymous - Time: 1ms
[2025-09-23T03:17:21.431Z] GET / - 200 - IP: ::1 - User: anonymous - Time: 1ms
[2025-09-23T03:17:21.436Z] GET / - 200 - IP: ::1 - User: anonymous - Time: 1ms
[2025-09-23T03:17:21.443Z] GET /api/carrito - 404 - IP: ::1 - User: anonymous - Time: 1ms
[2025-09-23T03:19:41.113Z] GET / - 200 - IP: ::1 - User: anonymous - Time: 12ms
[2025-09-23T03:19:41.144Z] GET / - 200 - IP: ::1 - User: anonymous - Time: 6ms
[2025-09-23T03:19:41.167Z] GET / - 200 - IP: ::1 - User: anonymous - Time: 6ms
[2025-09-23T03:19:41.200Z] GET / - 200 - IP: ::1 - User: anonymous - Time: 4ms
[2025-09-23T03:19:41.238Z] GET /api/carrito - 200 - IP: ::1 - User: anonymous - Time: 5ms
[2025-09-23T03:19:41.264Z] GET /api/carrito - 200 - IP: ::1 - User: anonymous - Time: 3ms
[2025-09-23T03:19:55.112Z] GET / - 200 - IP: ::1 - User: anonymous - Time: 3ms
[2025-09-23T03:19:55.139Z] GET / - 200 - IP: ::1 - User: anonymous - Time: 3ms
[2025-09-23T03:19:55.164Z] GET /api/carrito - 200 - IP: ::1 - User: anonymous - Time: 4ms
[2025-09-23T03:19:55.186Z] GET / - 200 - IP: ::1 - User: anonymous - Time: 2ms
[2025-09-23T03:19:55.205Z] GET / - 200 - IP: ::1 - User: anonymous - Time: 2ms
[2025-09-23T03:19:55.218Z] GET /api/carrito - 200 - IP: ::1 - User: anonymous - Time: 1ms
[2025-09-23T03:21:09.371Z] GET / - 200 - IP: ::1 - User: anonymous - Time: 2ms
[2025-09-23T03:21:09.383Z] GET / - 200 - IP: ::1 - User: anonymous - Time: 1ms
[2025-09-23T03:21:09.392Z] GET /api/carrito - 200 - IP: ::1 - User: anonymous - Time: 2ms
[2025-09-23T03:21:09.401Z] GET / - 200 - IP: ::1 - User: anonymous - Time: 2ms
[2025-09-23T03:21:09.410Z] GET / - 200 - IP: ::1 - User: anonymous - Time: 2ms
[2025-09-23T03:21:09.417Z] GET /api/carrito - 200 - IP: ::1 - User: anonymous - Time: 1ms
[2025-09-23T03:21:18.375Z] GET / - 200 - IP: ::1 - User: anonymous - Time: 1ms
[2025-09-23T03:21:18.382Z] GET / - 200 - IP: ::1 - User: anonymous - Time: 1ms
[2025-09-23T03:21:24.391Z] GET / - 200 - IP: ::1 - User: anonymous - Time: 1ms
[2025-09-23T03:21:24.399Z] GET / - 200 - IP: ::1 - User: anonymous - Time: 2ms
[2025-09-23T03:23:01.157Z] GET / - 200 - IP: ::1 - User: anonymous - Time: 2ms
[2025-09-23T03:23:01.172Z] GET / - 200 - IP: ::1 - User: anonymous - Time: 2ms
[2025-09-23T03:23:01.188Z] GET / - 200 - IP: ::1 - User: anonymous - Time: 3ms
[2025-09-23T03:23:01.205Z] GET / - 200 - IP: ::1 - User: anonymous - Time: 1ms
[2025-09-23T03:23:13.356Z] GET / - 200 - IP: ::1 - User: anonymous - Time: 1ms
[2025-09-23T03:23:13.363Z] GET / - 200 - IP: ::1 - User: anonymous - Time: 2ms
[2025-09-23T03:23:13.374Z] GET /api/carrito - 200 - IP: ::1 - User: anonymous - Time: 2ms
[2025-09-23T03:23:13.383Z] GET / - 200 - IP: ::1 - User: anonymous - Time: 2ms
[2025-09-23T03:23:13.393Z] GET / - 200 - IP: ::1 - User: anonymous - Time: 1ms
[2025-09-23T03:23:13.405Z] GET /api/carrito - 200 - IP: ::1 - User: anonymous - Time: 2ms
[2025-09-23T03:23:26.407Z] GET / - 200 - IP: ::1 - User: anonymous - Time: 2ms
[2025-09-23T03:23:26.419Z] GET / - 200 - IP: ::1 - User: anonymous - Time: 1ms
[2025-09-23T03:23:26.436Z] GET /api/carrito - 200 - IP: ::1 - User: anonymous - Time: 3ms
[2025-09-23T03:23:26.445Z] GET / - 200 - IP: ::1 - User: anonymous - Time: 1ms
[2025-09-23T03:23:26.457Z] GET / - 200 - IP: ::1 - User: anonymous - Time: 1ms
[2025-09-23T03:23:26.466Z] GET /api/carrito - 200 - IP: ::1 - User: anonymous - Time: 1ms
[2025-09-23T03:23:28.191Z] GET / - 200 - IP: ::1 - User: anonymous - Time: 2ms
[2025-09-23T03:23:28.208Z] GET / - 200 - IP: ::1 - User: anonymous - Time: 2ms
[2025-09-23T03:23:28.220Z] GET /api/carrito - 200 - IP: ::1 - User: anonymous - Time: 1ms
[2025-09-23T03:23:28.237Z] GET / - 200 - IP: ::1 - User: anonymous - Time: 4ms
[2025-09-23T03:23:28.246Z] GET / - 200 - IP: ::1 - User: anonymous - Time: 1ms
[2025-09-23T03:23:28.262Z] GET /api/carrito - 200 - IP: ::1 - User: anonymous - Time: 3ms
[2025-09-23T03:23:32.569Z] GET / - 200 - IP: ::1 - User: anonymous - Time: 1ms
[2025-09-23T03:23:32.623Z] GET / - 200 - IP: ::1 - User: anonymous - Time: 5ms
[2025-09-23T03:23:32.662Z] GET /api/carrito - 200 - IP: ::1 - User: anonymous - Time: 2ms
[2025-09-23T03:23:32.695Z] GET / - 200 - IP: ::1 - User: anonymous - Time: 1ms
[2025-09-23T03:23:32.722Z] GET / - 200 - IP: ::1 - User: anonymous - Time: 2ms
[2025-09-23T03:23:32.759Z] GET /api/carrito - 200 - IP: ::1 - User: anonymous - Time: 2ms
[2025-09-23T03:23:55.945Z] POST /api/auth/admin-login - 500 - IP: ::1 - User: anonymous - Time: 52ms
[2025-09-23T03:23:57.286Z] POST /api/auth/admin-login - 500 - IP: ::1 - User: anonymous - Time: 24ms
[2025-09-23T03:32:01.406Z] GET / - 200 - IP: ::1 - User: anonymous - Time: 4ms
[2025-09-23T03:32:01.423Z] GET / - 200 - IP: ::1 - User: anonymous - Time: 4ms
[2025-09-23T03:32:01.436Z] GET / - 200 - IP: ::1 - User: anonymous - Time: 2ms
[2025-09-23T03:32:01.455Z] GET / - 200 - IP: ::1 - User: anonymous - Time: 2ms
[2025-09-23T03:32:05.666Z] GET / - 200 - IP: ::1 - User: anonymous - Time: 2ms
[2025-09-23T03:32:05.682Z] GET / - 200 - IP: ::1 - User: anonymous - Time: 3ms
[2025-09-23T03:32:05.691Z] GET / - 200 - IP: ::1 - User: anonymous - Time: 1ms
[2025-09-23T03:32:05.704Z] GET / - 200 - IP: ::1 - User: anonymous - Time: 1ms
[2025-09-23T03:32:14.254Z] GET /api/carrito - 200 - IP: ::1 - User: anonymous - Time: 2ms
[2025-09-23T03:32:14.271Z] GET /api/carrito - 200 - IP: ::1 - User: anonymous - Time: 5ms
[2025-09-23T03:32:17.374Z] GET / - 200 - IP: ::1 - User: anonymous - Time: 3ms
[2025-09-23T03:32:17.395Z] GET / - 200 - IP: ::1 - User: anonymous - Time: 3ms
[2025-09-23T03:32:17.414Z] GET / - 200 - IP: ::1 - User: anonymous - Time: 4ms
[2025-09-23T03:32:17.423Z] GET / - 200 - IP: ::1 - User: anonymous - Time: 1ms
[2025-09-23T03:36:05.983Z] GET / - 200 - IP: ::1 - User: anonymous - Time: 3ms
[2025-09-23T03:36:06.000Z] GET / - 200 - IP: ::1 - User: anonymous - Time: 2ms
[2025-09-23T03:36:06.018Z] GET / - 200 - IP: ::1 - User: anonymous - Time: 4ms
[2025-09-23T03:36:06.032Z] GET / - 200 - IP: ::1 - User: anonymous - Time: 1ms
[2025-09-23T03:39:12.166Z] POST /api/citas - 401 - IP: ::1 - User: anonymous - Time: 7ms
[2025-09-23T03:39:25.535Z] GET / - 200 - IP: ::1 - User: anonymous - Time: 1ms
[2025-09-23T03:39:25.558Z] GET / - 200 - IP: ::1 - User: anonymous - Time: 3ms
[2025-09-23T03:39:25.583Z] GET / - 200 - IP: ::1 - User: anonymous - Time: 5ms
[2025-09-23T03:39:25.603Z] GET / - 200 - IP: ::1 - User: anonymous - Time: 9ms
[2025-09-23T03:39:30.738Z] POST /api/carrito - 404 - IP: ::1 - User: anonymous - Time: 4ms
[2025-09-23T03:39:32.643Z] POST /api/carrito - 404 - IP: ::1 - User: anonymous - Time: 3ms
[2025-09-23T03:39:39.175Z] GET / - 200 - IP: ::1 - User: anonymous - Time: 9ms
[2025-09-23T03:39:39.220Z] GET / - 200 - IP: ::1 - User: anonymous - Time: 10ms
[2025-09-23T03:39:39.237Z] GET / - 200 - IP: ::1 - User: anonymous - Time: 2ms
[2025-09-23T03:39:39.255Z] GET / - 200 - IP: ::1 - User: anonymous - Time: 5ms
[2025-09-23T03:46:26.455Z] GET / - 200 - IP: ::1 - User: anonymous - Time: 2ms
[2025-09-23T03:46:26.469Z] GET / - 200 - IP: ::1 - User: anonymous - Time: 3ms
[2025-09-23T03:46:26.483Z] GET /api/carrito - 200 - IP: ::1 - User: anonymous - Time: 2ms
[2025-09-23T03:46:26.502Z] GET / - 200 - IP: ::1 - User: anonymous - Time: 3ms
[2025-09-23T03:46:26.518Z] GET / - 200 - IP: ::1 - User: anonymous - Time: 2ms
[2025-09-23T03:46:26.549Z] GET /api/carrito - 200 - IP: ::1 - User: anonymous - Time: 11ms
[2025-09-23T03:47:15.980Z] GET / - 200 - IP: ::1 - User: anonymous - Time: 2ms
[2025-09-23T03:47:15.994Z] GET / - 200 - IP: ::1 - User: anonymous - Time: 2ms
[2025-09-23T03:47:16.005Z] GET /api/carrito - 200 - IP: ::1 - User: anonymous - Time: 1ms
[2025-09-23T03:47:16.017Z] GET / - 200 - IP: ::1 - User: anonymous - Time: 3ms
[2025-09-23T03:47:16.025Z] GET / - 200 - IP: ::1 - User: anonymous - Time: 1ms
[2025-09-23T03:47:16.038Z] GET /api/carrito - 200 - IP: ::1 - User: anonymous - Time: 1ms
[2025-09-23T04:10:45.156Z] POST /api/citas - 401 - IP: ::1 - User: anonymous - Time: 13ms
[2025-09-23T04:14:41.011Z] GET / - 200 - IP: ::1 - User: anonymous - Time: 13ms
[2025-09-23T04:14:41.031Z] GET / - 200 - IP: ::1 - User: anonymous - Time: 3ms
[2025-09-23T04:14:41.041Z] GET / - 200 - IP: ::1 - User: anonymous - Time: 3ms
[2025-09-23T04:14:41.056Z] GET / - 200 - IP: ::1 - User: anonymous - Time: 3ms
[2025-09-23T04:18:31.847Z] GET / - 200 - IP: ::1 - User: anonymous - Time: 1ms
[2025-09-23T04:18:31.863Z] GET / - 200 - IP: ::1 - User: anonymous - Time: 1ms
[2025-09-23T04:18:31.878Z] GET / - 200 - IP: ::1 - User: anonymous - Time: 4ms
[2025-09-23T04:18:31.900Z] GET / - 200 - IP: ::1 - User: anonymous - Time: 2ms
[2025-09-23T04:18:43.807Z] GET /api/carrito - 200 - IP: ::1 - User: anonymous - Time: 4ms
[2025-09-23T04:18:43.826Z] GET /api/carrito - 200 - IP: ::1 - User: anonymous - Time: 2ms
[2025-09-23T05:14:40.176Z] GET / - 500 - IP: ::1 - User: anonymous - Time: 14ms
[2025-09-23T05:14:40.207Z] GET / - 200 - IP: ::1 - User: anonymous - Time: 6ms
[2025-09-23T05:14:40.222Z] GET / - 500 - IP: ::1 - User: anonymous - Time: 4ms
[2025-09-23T05:14:40.233Z] GET /api/carrito - 200 - IP: ::1 - User: anonymous - Time: 3ms
[2025-09-23T05:14:40.261Z] GET / - 200 - IP: ::1 - User: anonymous - Time: 2ms
[2025-09-23T05:14:40.274Z] GET /api/carrito - 200 - IP: ::1 - User: anonymous - Time: 2ms
[2025-09-23T05:14:48.062Z] GET / - 200 - IP: ::1 - User: anonymous - Time: 3ms
[2025-09-23T05:14:48.073Z] GET / - 500 - IP: ::1 - User: anonymous - Time: 4ms
[2025-09-23T05:14:48.769Z] GET / - 500 - IP: ::1 - User: anonymous - Time: 5ms
[2025-09-23T05:14:48.780Z] GET / - 200 - IP: ::1 - User: anonymous - Time: 1ms
[2025-09-23T05:14:49.817Z] GET / - 500 - IP: ::1 - User: anonymous - Time: 7ms
[2025-09-23T05:14:49.828Z] GET / - 200 - IP: ::1 - User: anonymous - Time: 2ms
[2025-09-23T05:14:49.843Z] GET / - 500 - IP: ::1 - User: anonymous - Time: 6ms
[2025-09-23T05:14:49.861Z] GET / - 200 - IP: ::1 - User: anonymous - Time: 2ms
[2025-09-23T05:14:52.293Z] GET / - 500 - IP: ::1 - User: anonymous - Time: 5ms
[2025-09-23T05:14:52.307Z] GET /combos - 500 - IP: ::1 - User: anonymous - Time: 5ms
[2025-09-23T05:14:52.317Z] GET / - 500 - IP: ::1 - User: anonymous - Time: 3ms
[2025-09-23T05:14:52.330Z] GET /combos - 500 - IP: ::1 - User: anonymous - Time: 7ms
[2025-09-23T05:18:23.360Z] GET /combos - 500 - IP: ::1 - User: anonymous - Time: 3ms
[2025-09-23T05:18:23.371Z] GET / - 500 - IP: ::1 - User: anonymous - Time: 6ms
[2025-09-23T05:18:31.276Z] GET /combos - 500 - IP: ::1 - User: anonymous - Time: 2ms
[2025-09-23T05:18:31.282Z] GET / - 500 - IP: ::1 - User: anonymous - Time: 2ms
[2025-09-23T05:19:08.381Z] GET / - 500 - IP: ::1 - User: anonymous - Time: 6ms
[2025-09-23T05:19:08.403Z] GET /combos - 500 - IP: ::1 - User: anonymous - Time: 10ms
[2025-09-23T05:19:23.408Z] GET / - 500 - IP: ::1 - User: anonymous - Time: 4ms
[2025-09-23T05:19:23.424Z] GET /combos - 500 - IP: ::1 - User: anonymous - Time: 4ms
[2025-09-23T05:19:23.441Z] GET / - 500 - IP: ::1 - User: anonymous - Time: 9ms
[2025-09-23T05:19:23.455Z] GET /combos - 500 - IP: ::1 - User: anonymous - Time: 8ms
[2025-09-23T05:22:17.411Z] GET / - 500 - IP: ::1 - User: anonymous - Time: 16ms
[2025-09-23T05:22:17.432Z] GET / - 200 - IP: ::1 - User: anonymous - Time: 4ms
[2025-09-23T05:22:17.447Z] GET / - 500 - IP: ::1 - User: anonymous - Time: 8ms
[2025-09-23T05:22:17.460Z] GET / - 200 - IP: ::1 - User: anonymous - Time: 4ms
[2025-09-23T05:22:17.471Z] GET /api/carrito - 200 - IP: ::1 - User: anonymous - Time: 1ms
[2025-09-23T05:22:17.484Z] GET /api/carrito - 200 - IP: ::1 - User: anonymous - Time: 2ms
[2025-09-23T05:22:18.228Z] GET /api/carrito - 200 - IP: ::1 - User: anonymous - Time: 3ms
[2025-09-23T05:22:18.246Z] GET /api/carrito - 200 - IP: ::1 - User: anonymous - Time: 5ms
[2025-09-23T05:22:21.378Z] GET / - 500 - IP: ::1 - User: anonymous - Time: 4ms
[2025-09-23T05:22:21.393Z] GET / - 200 - IP: ::1 - User: anonymous - Time: 3ms
[2025-09-23T05:22:21.406Z] GET / - 500 - IP: ::1 - User: anonymous - Time: 3ms
[2025-09-23T05:22:21.418Z] GET / - 200 - IP: ::1 - User: anonymous - Time: 1ms
[2025-09-23T05:27:55.244Z] GET / - 500 - IP: ::1 - User: anonymous - Time: 34ms
[2025-09-23T05:27:55.333Z] GET / - 500 - IP: ::1 - User: anonymous - Time: 38ms
[2025-09-23T05:27:55.359Z] GET / - 200 - IP: ::1 - User: anonymous - Time: 9ms
[2025-09-23T05:27:55.388Z] GET / - 200 - IP: ::1 - User: anonymous - Time: 7ms
[2025-09-23T05:27:56.984Z] GET / - 500 - IP: ::1 - User: anonymous - Time: 8ms
[2025-09-23T05:27:56.994Z] GET / - 200 - IP: ::1 - User: anonymous - Time: 3ms
[2025-09-23T05:27:57.012Z] GET / - 500 - IP: ::1 - User: anonymous - Time: 7ms
[2025-09-23T05:27:57.026Z] GET / - 200 - IP: ::1 - User: anonymous - Time: 4ms
[2025-09-23T05:28:00.921Z] GET / - 500 - IP: ::1 - User: anonymous - Time: 6ms
[2025-09-23T05:28:00.935Z] GET /combos - 500 - IP: ::1 - User: anonymous - Time: 6ms
[2025-09-23T05:28:00.954Z] GET / - 500 - IP: ::1 - User: anonymous - Time: 5ms
[2025-09-23T05:28:00.981Z] GET /combos - 500 - IP: ::1 - User: anonymous - Time: 12ms
[2025-09-23T05:34:48.887Z] GET / - 200 - IP: ::1 - User: anonymous - Time: 10ms
[2025-09-23T05:34:48.911Z] GET / - 200 - IP: ::1 - User: anonymous - Time: 3ms
[2025-09-23T05:34:48.928Z] GET / - 200 - IP: ::1 - User: anonymous - Time: 71ms
[2025-09-23T05:34:48.941Z] GET /api/carrito - 200 - IP: ::1 - User: anonymous - Time: 3ms
[2025-09-23T05:34:48.957Z] GET /api/carrito - 200 - IP: ::1 - User: anonymous - Time: 2ms
[2025-09-23T05:34:48.961Z] GET / - 200 - IP: ::1 - User: anonymous - Time: 9ms
[2025-09-23T05:35:00.924Z] GET / - 200 - IP: ::1 - User: anonymous - Time: 1ms
[2025-09-23T05:35:00.940Z] GET / - 200 - IP: ::1 - User: anonymous - Time: 3ms
[2025-09-23T05:35:00.945Z] GET / - 200 - IP: ::1 - User: anonymous - Time: 12ms
[2025-09-23T05:35:00.962Z] GET / - 200 - IP: ::1 - User: anonymous - Time: 7ms
[2025-09-23T05:35:06.072Z] GET / - 200 - IP: ::1 - User: anonymous - Time: 4ms
[2025-09-23T05:35:06.089Z] GET /api/carrito - 200 - IP: ::1 - User: anonymous - Time: 2ms
[2025-09-23T05:35:06.109Z] GET / - 200 - IP: ::1 - User: anonymous - Time: 3ms
[2025-09-23T05:35:06.121Z] GET /api/carrito - 200 - IP: ::1 - User: anonymous - Time: 2ms
[2025-09-23T05:35:06.127Z] GET / - 200 - IP: ::1 - User: anonymous - Time: 73ms
[2025-09-23T05:35:06.155Z] GET / - 200 - IP: ::1 - User: anonymous - Time: 15ms
[2025-09-23T05:35:09.187Z] GET / - 200 - IP: ::1 - User: anonymous - Time: 17ms
[2025-09-23T05:35:09.200Z] GET / - 200 - IP: ::1 - User: anonymous - Time: 7ms
[2025-09-23T05:35:09.214Z] GET /combos - 200 - IP: ::1 - User: anonymous - Time: 38ms
[2025-09-23T05:35:09.228Z] GET /combos - 200 - IP: ::1 - User: anonymous - Time: 7ms
[2025-09-23T05:36:06.383Z] GET / - 200 - IP: ::1 - User: anonymous - Time: 2ms
[2025-09-23T05:36:06.390Z] GET / - 200 - IP: ::1 - User: anonymous - Time: 14ms
[2025-09-23T05:36:06.400Z] GET / - 200 - IP: ::1 - User: anonymous - Time: 2ms
[2025-09-23T05:36:06.415Z] GET / - 200 - IP: ::1 - User: anonymous - Time: 9ms
[2025-09-23T05:36:10.766Z] GET / - 200 - IP: ::1 - User: anonymous - Time: 7ms
[2025-09-23T05:36:10.781Z] GET /api/carrito - 200 - IP: ::1 - User: anonymous - Time: 1ms
[2025-09-23T05:36:10.788Z] GET / - 200 - IP: ::1 - User: anonymous - Time: 40ms
[2025-09-23T05:36:10.805Z] GET / - 200 - IP: ::1 - User: anonymous - Time: 8ms
[2025-09-23T05:36:10.820Z] GET /api/carrito - 200 - IP: ::1 - User: anonymous - Time: 2ms
[2025-09-23T05:36:10.839Z] GET / - 200 - IP: ::1 - User: anonymous - Time: 13ms
[2025-09-24T13:44:41.694Z] GET / - 200 - IP: ::1 - User: anonymous - Time: 60ms
[2025-09-24T13:44:51.538Z] GET /api/servicios/combos - 200 - IP: ::1 - User: anonymous - Time: 5ms
[2025-09-24T13:45:35.489Z] GET / - 200 - IP: ::1 - User: anonymous - Time: 138ms
[2025-09-24T13:45:43.336Z] GET / - 200 - IP: ::1 - User: anonymous - Time: 4ms
[2025-09-24T13:48:48.506Z] GET / - 200 - IP: ::1 - User: anonymous - Time: 3ms
[2025-09-24T13:48:48.522Z] GET /api/carrito - 200 - IP: ::1 - User: anonymous - Time: 4ms
[2025-09-24T13:48:48.529Z] GET / - 200 - IP: ::1 - User: anonymous - Time: 39ms
[2025-09-24T13:48:48.538Z] GET / - 200 - IP: ::1 - User: anonymous - Time: 2ms
[2025-09-24T13:48:48.548Z] GET /api/carrito - 200 - IP: ::1 - User: anonymous - Time: 3ms
[2025-09-24T13:48:48.561Z] GET / - 200 - IP: ::1 - User: anonymous - Time: 7ms
[2025-09-24T13:49:23.416Z] GET /api/servicios/combos - 200 - IP: ::1 - User: anonymous - Time: 1ms
[2025-09-24T13:49:23.421Z] GET / - 200 - IP: ::1 - User: anonymous - Time: 10ms
[2025-09-24T13:49:23.429Z] GET /api/servicios/combos - 200 - IP: ::1 - User: anonymous - Time: 2ms
[2025-09-24T13:49:23.441Z] GET / - 200 - IP: ::1 - User: anonymous - Time: 6ms
[2025-09-24T13:50:07.855Z] GET / - 200 - IP: ::1 - User: anonymous - Time: 3ms
[2025-09-24T13:50:07.877Z] GET / - 200 - IP: ::1 - User: anonymous - Time: 31ms
[2025-09-24T13:50:07.901Z] GET / - 200 - IP: ::1 - User: anonymous - Time: 10ms
[2025-09-24T13:50:07.921Z] GET / - 200 - IP: ::1 - User: anonymous - Time: 11ms
[2025-09-24T13:50:14.321Z] GET /api/carrito - 200 - IP: ::1 - User: anonymous - Time: 6ms
[2025-09-24T13:50:14.338Z] GET /api/carrito - 200 - IP: ::1 - User: anonymous - Time: 3ms
[2025-09-24T13:50:16.146Z] GET / - 200 - IP: ::1 - User: anonymous - Time: 5ms
[2025-09-24T13:50:16.160Z] GET / - 200 - IP: ::1 - User: anonymous - Time: 27ms
[2025-09-24T13:50:16.170Z] GET / - 200 - IP: ::1 - User: anonymous - Time: 3ms
[2025-09-24T13:50:16.195Z] GET / - 200 - IP: ::1 - User: anonymous - Time: 11ms
[2025-09-24T13:51:43.621Z] POST /api/auth/admin-login - 400 - IP: ::1 - User: anonymous - Time: 24ms
[2025-09-24T13:53:45.712Z] GET / - 200 - IP: ::1 - User: anonymous - Time: 5ms
[2025-09-24T13:54:07.412Z] GET /api/servicios/combos - 200 - IP: ::1 - User: anonymous - Time: 2ms
[2025-09-24T13:54:07.448Z] GET /api/servicios/combos - 200 - IP: ::1 - User: anonymous - Time: 3ms
[2025-09-24T13:54:07.466Z] GET / - 200 - IP: ::1 - User: anonymous - Time: 32ms
[2025-09-24T13:54:07.497Z] GET / - 200 - IP: ::1 - User: anonymous - Time: 14ms
[2025-09-24T14:17:07.791Z] GET / - 200 - IP: ::1 - User: anonymous - Time: 7ms
[2025-09-24T14:17:07.805Z] GET /api/carrito - 200 - IP: ::1 - User: anonymous - Time: 3ms
[2025-09-24T14:17:07.816Z] GET / - 200 - IP: ::1 - User: anonymous - Time: 4ms
[2025-09-24T14:17:07.827Z] GET /api/carrito - 200 - IP: ::1 - User: anonymous - Time: 3ms
[2025-09-24T14:17:07.841Z] GET / - 200 - IP: ::1 - User: anonymous - Time: 74ms
[2025-09-24T14:17:07.855Z] GET / - 200 - IP: ::1 - User: anonymous - Time: 6ms
[2025-09-24T14:17:22.294Z] GET / - 200 - IP: ::1 - User: anonymous - Time: 3ms
[2025-09-24T14:17:22.303Z] GET / - 200 - IP: ::1 - User: anonymous - Time: 25ms
[2025-09-24T14:17:22.318Z] GET / - 200 - IP: ::1 - User: anonymous - Time: 4ms
[2025-09-24T14:17:22.338Z] GET / - 200 - IP: ::1 - User: anonymous - Time: 13ms
[2025-09-24T14:17:27.796Z] GET / - 200 - IP: ::1 - User: anonymous - Time: 2ms
[2025-09-24T14:17:27.804Z] GET / - 200 - IP: ::1 - User: anonymous - Time: 16ms
[2025-09-24T14:17:27.812Z] GET /api/carrito - 200 - IP: ::1 - User: anonymous - Time: 2ms
[2025-09-24T14:17:27.822Z] GET / - 200 - IP: ::1 - User: anonymous - Time: 2ms
[2025-09-24T14:17:27.836Z] GET /api/carrito - 200 - IP: ::1 - User: anonymous - Time: 1ms
[2025-09-24T14:17:27.846Z] GET / - 200 - IP: ::1 - User: anonymous - Time: 18ms
[2025-09-24T14:17:29.369Z] GET /api/carrito - 200 - IP: ::1 - User: anonymous - Time: 3ms
[2025-09-24T14:17:29.406Z] GET /api/carrito - 200 - IP: ::1 - User: anonymous - Time: 15ms
[2025-09-24T14:17:37.008Z] GET / - 200 - IP: ::1 - User: anonymous - Time: 5ms
[2025-09-24T14:17:37.015Z] GET / - 200 - IP: ::1 - User: anonymous - Time: 24ms
[2025-09-24T14:17:37.034Z] GET / - 200 - IP: ::1 - User: anonymous - Time: 7ms
[2025-09-24T14:17:37.053Z] GET / - 200 - IP: ::1 - User: anonymous - Time: 10ms
[2025-09-24T14:17:54.708Z] POST /api/auth/admin-login - 401 - IP: ::1 - User: anonymous - Time: 34ms
